Flow report for trabalho_dia_120918
Fri Sep 14 18:08:19 2018
Quartus II 64-Bit Version 13.0.0 Build 156 04/24/2013 SJ Web Edition


---------------------
; Table of Contents ;
---------------------
  1. Legal Notice
  2. Flow Summary
  3. Flow Settings
  4. Flow Non-Default Global Settings
  5. Flow Elapsed Time
  6. Flow OS Summary
  7. Flow Log
  8. Flow Messages
  9. Flow Suppressed Messages



----------------
; Legal Notice ;
----------------
Copyright (C) 1991-2013 Altera Corporation
Your use of Altera Corporation's design tools, logic functions 
and other software and tools, and its AMPP partner logic 
functions, and any output files from any of the foregoing 
(including device programming or simulation files), and any 
associated documentation or information are expressly subject 
to the terms and conditions of the Altera Program License 
Subscription Agreement, Altera MegaCore Function License 
Agreement, or other applicable license agreement, including, 
without limitation, that your use is for the sole purpose of 
programming logic devices manufactured by Altera and sold by 
Altera or its authorized distributors.  Please refer to the 
applicable agreement for further details.



+---------------------------------------------------------------------------------+
; Flow Summary                                                                    ;
+------------------------------------+--------------------------------------------+
; Flow Status                        ; Successful - Fri Sep 14 18:08:19 2018      ;
; Quartus II 64-Bit Version          ; 13.0.0 Build 156 04/24/2013 SJ Web Edition ;
; Revision Name                      ; trabalho_dia_120918                        ;
; Top-level Entity Name              ; maq_primos                                 ;
; Family                             ; Cyclone II                                 ;
; Device                             ; EP2C35F672C6                               ;
; Timing Models                      ; Final                                      ;
; Total logic elements               ; 8 / 33,216 ( < 1 % )                       ;
;     Total combinational functions  ; 8 / 33,216 ( < 1 % )                       ;
;     Dedicated logic registers      ; 4 / 33,216 ( < 1 % )                       ;
; Total registers                    ; 4                                          ;
; Total pins                         ; 6 / 475 ( 1 % )                            ;
; Total virtual pins                 ; 0                                          ;
; Total memory bits                  ; 0 / 483,840 ( 0 % )                        ;
; Embedded Multiplier 9-bit elements ; 0 / 70 ( 0 % )                             ;
; Total PLLs                         ; 0 / 4 ( 0 % )                              ;
+------------------------------------+--------------------------------------------+


+-----------------------------------------+
; Flow Settings                           ;
+-------------------+---------------------+
; Option            ; Setting             ;
+-------------------+---------------------+
; Start date & time ; 09/14/2018 18:06:42 ;
; Main task         ; Compilation         ;
; Revision Name     ; trabalho_dia_120918 ;
+-------------------+---------------------+


+--------------------------------------------------------------------------------------------------------------+
; Flow Non-Default Global Settings                                                                             ;
+-------------------------------------+-----------------------+---------------------+-------------+------------+
; Assignment Name                     ; Value                 ; Default Value       ; Entity Name ; Section Id ;
+-------------------------------------+-----------------------+---------------------+-------------+------------+
; COMPILER_SIGNATURE_ID               ; 0.153695920106960     ; --                  ; --          ; --         ;
; MAX_CORE_JUNCTION_TEMP              ; 85                    ; --                  ; --          ; --         ;
; MIN_CORE_JUNCTION_TEMP              ; 0                     ; --                  ; --          ; --         ;
; PARTITION_COLOR                     ; 16764057              ; --                  ; maq_primos  ; Top        ;
; PARTITION_FITTER_PRESERVATION_LEVEL ; PLACEMENT_AND_ROUTING ; --                  ; maq_primos  ; Top        ;
; PARTITION_NETLIST_TYPE              ; SOURCE                ; --                  ; maq_primos  ; Top        ;
; PROJECT_OUTPUT_DIRECTORY            ; output_files          ; --                  ; --          ; --         ;
; TOP_LEVEL_ENTITY                    ; maq_primos            ; trabalho_dia_120918 ; --          ; --         ;
+-------------------------------------+-----------------------+---------------------+-------------+------------+


+-------------------------------------------------------------------------------------------------------------------------------+
; Flow Elapsed Time                                                                                                             ;
+---------------------------+--------------+-------------------------+---------------------+------------------------------------+
; Module Name               ; Elapsed Time ; Average Processors Used ; Peak Virtual Memory ; Total CPU Time (on all processors) ;
+---------------------------+--------------+-------------------------+---------------------+------------------------------------+
; Analysis & Synthesis      ; 00:00:02     ; 1.0                     ; 609 MB              ; 00:00:02                           ;
; Fitter                    ; 00:00:09     ; 1.0                     ; 719 MB              ; 00:00:08                           ;
; Assembler                 ; 00:00:02     ; 1.0                     ; 556 MB              ; 00:00:03                           ;
; TimeQuest Timing Analyzer ; 00:00:01     ; 1.0                     ; 496 MB              ; 00:00:01                           ;
; EDA Netlist Writer        ; 00:00:01     ; 1.0                     ; 804 MB              ; 00:00:01                           ;
; EDA Netlist Writer        ; 00:00:01     ; 1.0                     ; 804 MB              ; 00:00:01                           ;
; Total                     ; 00:00:16     ; --                      ; --                  ; 00:00:16                           ;
+---------------------------+--------------+-------------------------+---------------------+------------------------------------+


+----------------------------------------------------------------------------------------------------------+
; Flow OS Summary                                                                                          ;
+---------------------------+-------------------------------+----------------+------------+----------------+
; Module Name               ; Machine Hostname              ; OS Name        ; OS Version ; Processor type ;
+---------------------------+-------------------------------+----------------+------------+----------------+
; Analysis & Synthesis      ; carryporch-HP-EliteBook-8440p ; Ubuntu 16.04.5 ; 16         ; x86_64         ;
; Fitter                    ; carryporch-HP-EliteBook-8440p ; Ubuntu 16.04.5 ; 16         ; x86_64         ;
; Assembler                 ; carryporch-HP-EliteBook-8440p ; Ubuntu 16.04.5 ; 16         ; x86_64         ;
; TimeQuest Timing Analyzer ; carryporch-HP-EliteBook-8440p ; Ubuntu 16.04.5 ; 16         ; x86_64         ;
; EDA Netlist Writer        ; carryporch-HP-EliteBook-8440p ; Ubuntu 16.04.5 ; 16         ; x86_64         ;
; EDA Netlist Writer        ; carryporch-HP-EliteBook-8440p ; Ubuntu 16.04.5 ; 16         ; x86_64         ;
+---------------------------+-------------------------------+----------------+------------+----------------+


------------
; Flow Log ;
------------
quartus_map --read_settings_files=on --write_settings_files=off trabalho_dia_120918 -c trabalho_dia_120918
quartus_fit --read_settings_files=off --write_settings_files=off trabalho_dia_120918 -c trabalho_dia_120918
quartus_asm --read_settings_files=off --write_settings_files=off trabalho_dia_120918 -c trabalho_dia_120918
quartus_sta trabalho_dia_120918 -c trabalho_dia_120918
quartus_eda --gen_testbench --check_outputs=on --tool=modelsim_oem --format=verilog trabalho_dia_120918 -c trabalho_dia_120918 --vector_source=/home/carryporch/Desktop/JORGEROCHA/JORGE/trabalho_dia_120918/maq_primos.vwf --testbench_file=./simulation/qsim/trabalho_dia_120918.vt
quartus_eda --functional=on --simulation=on --tool=modelsim_oem --format=verilog trabalho_dia_120918 -c trabalho_dia_120918



