Analysis & Synthesis report for trabalho_dia_120918
Tue Sep 18 02:07:15 2018
Quartus II 64-Bit Version 13.0.0 Build 156 04/24/2013 SJ Web Edition


---------------------
; Table of Contents ;
---------------------
  1. Legal Notice
  2. Analysis & Synthesis Summary
  3. Analysis & Synthesis Settings
  4. Parallel Compilation
  5. Analysis & Synthesis Source Files Read
  6. Analysis & Synthesis Resource Usage Summary
  7. Analysis & Synthesis Resource Utilization by Entity
  8. Registers Removed During Synthesis
  9. Removed Registers Triggering Further Register Optimizations
 10. General Register Statistics
 11. Inverted Register Statistics
 12. Port Connectivity Checks: "gerador_pwm:xgerador_pwm"
 13. Elapsed Time Per Partition
 14. Analysis & Synthesis Messages



----------------
; Legal Notice ;
----------------
Copyright (C) 1991-2013 Altera Corporation
Your use of Altera Corporation's design tools, logic functions 
and other software and tools, and its AMPP partner logic 
functions, and any output files from any of the foregoing 
(including device programming or simulation files), and any 
associated documentation or information are expressly subject 
to the terms and conditions of the Altera Program License 
Subscription Agreement, Altera MegaCore Function License 
Agreement, or other applicable license agreement, including, 
without limitation, that your use is for the sole purpose of 
programming logic devices manufactured by Altera and sold by 
Altera or its authorized distributors.  Please refer to the 
applicable agreement for further details.



+---------------------------------------------------------------------------------+
; Analysis & Synthesis Summary                                                    ;
+------------------------------------+--------------------------------------------+
; Analysis & Synthesis Status        ; Successful - Tue Sep 18 02:07:15 2018      ;
; Quartus II 64-Bit Version          ; 13.0.0 Build 156 04/24/2013 SJ Web Edition ;
; Revision Name                      ; trabalho_dia_120918                        ;
; Top-level Entity Name              ; trabalho_dia_120918                        ;
; Family                             ; Cyclone II                                 ;
; Total logic elements               ; 193                                        ;
;     Total combinational functions  ; 145                                        ;
;     Dedicated logic registers      ; 64                                         ;
; Total registers                    ; 64                                         ;
; Total pins                         ; 58                                         ;
; Total virtual pins                 ; 0                                          ;
; Total memory bits                  ; 0                                          ;
; Embedded Multiplier 9-bit elements ; 0                                          ;
; Total PLLs                         ; 0                                          ;
+------------------------------------+--------------------------------------------+


+------------------------------------------------------------------------------------------------------------------------+
; Analysis & Synthesis Settings                                                                                          ;
+----------------------------------------------------------------------------+---------------------+---------------------+
; Option                                                                     ; Setting             ; Default Value       ;
+----------------------------------------------------------------------------+---------------------+---------------------+
; Device                                                                     ; EP2C35F672C6        ;                     ;
; Top-level entity name                                                      ; trabalho_dia_120918 ; trabalho_dia_120918 ;
; Family name                                                                ; Cyclone II          ; Cyclone IV GX       ;
; Use smart compilation                                                      ; Off                 ; Off                 ;
; Enable parallel Assembler and TimeQuest Timing Analyzer during compilation ; On                  ; On                  ;
; Enable compact report table                                                ; Off                 ; Off                 ;
; Restructure Multiplexers                                                   ; Auto                ; Auto                ;
; Create Debugging Nodes for IP Cores                                        ; Off                 ; Off                 ;
; Preserve fewer node names                                                  ; On                  ; On                  ;
; Disable OpenCore Plus hardware evaluation                                  ; Off                 ; Off                 ;
; Verilog Version                                                            ; Verilog_2001        ; Verilog_2001        ;
; VHDL Version                                                               ; VHDL_1993           ; VHDL_1993           ;
; State Machine Processing                                                   ; Auto                ; Auto                ;
; Safe State Machine                                                         ; Off                 ; Off                 ;
; Extract Verilog State Machines                                             ; On                  ; On                  ;
; Extract VHDL State Machines                                                ; On                  ; On                  ;
; Ignore Verilog initial constructs                                          ; Off                 ; Off                 ;
; Iteration limit for constant Verilog loops                                 ; 5000                ; 5000                ;
; Iteration limit for non-constant Verilog loops                             ; 250                 ; 250                 ;
; Add Pass-Through Logic to Inferred RAMs                                    ; On                  ; On                  ;
; Infer RAMs from Raw Logic                                                  ; On                  ; On                  ;
; Parallel Synthesis                                                         ; On                  ; On                  ;
; DSP Block Balancing                                                        ; Auto                ; Auto                ;
; NOT Gate Push-Back                                                         ; On                  ; On                  ;
; Power-Up Don't Care                                                        ; On                  ; On                  ;
; Remove Redundant Logic Cells                                               ; Off                 ; Off                 ;
; Remove Duplicate Registers                                                 ; On                  ; On                  ;
; Ignore CARRY Buffers                                                       ; Off                 ; Off                 ;
; Ignore CASCADE Buffers                                                     ; Off                 ; Off                 ;
; Ignore GLOBAL Buffers                                                      ; Off                 ; Off                 ;
; Ignore ROW GLOBAL Buffers                                                  ; Off                 ; Off                 ;
; Ignore LCELL Buffers                                                       ; Off                 ; Off                 ;
; Ignore SOFT Buffers                                                        ; On                  ; On                  ;
; Limit AHDL Integers to 32 Bits                                             ; Off                 ; Off                 ;
; Optimization Technique                                                     ; Balanced            ; Balanced            ;
; Carry Chain Length                                                         ; 70                  ; 70                  ;
; Auto Carry Chains                                                          ; On                  ; On                  ;
; Auto Open-Drain Pins                                                       ; On                  ; On                  ;
; Perform WYSIWYG Primitive Resynthesis                                      ; Off                 ; Off                 ;
; Auto ROM Replacement                                                       ; On                  ; On                  ;
; Auto RAM Replacement                                                       ; On                  ; On                  ;
; Auto Shift Register Replacement                                            ; Auto                ; Auto                ;
; Allow Shift Register Merging across Hierarchies                            ; Auto                ; Auto                ;
; Auto Clock Enable Replacement                                              ; On                  ; On                  ;
; Strict RAM Replacement                                                     ; Off                 ; Off                 ;
; Allow Synchronous Control Signals                                          ; On                  ; On                  ;
; Force Use of Synchronous Clear Signals                                     ; Off                 ; Off                 ;
; Auto RAM to Logic Cell Conversion                                          ; Off                 ; Off                 ;
; Auto Resource Sharing                                                      ; Off                 ; Off                 ;
; Allow Any RAM Size For Recognition                                         ; Off                 ; Off                 ;
; Allow Any ROM Size For Recognition                                         ; Off                 ; Off                 ;
; Allow Any Shift Register Size For Recognition                              ; Off                 ; Off                 ;
; Use LogicLock Constraints during Resource Balancing                        ; On                  ; On                  ;
; Ignore translate_off and synthesis_off directives                          ; Off                 ; Off                 ;
; Timing-Driven Synthesis                                                    ; Off                 ; Off                 ;
; Report Parameter Settings                                                  ; On                  ; On                  ;
; Report Source Assignments                                                  ; On                  ; On                  ;
; Report Connectivity Checks                                                 ; On                  ; On                  ;
; Ignore Maximum Fan-Out Assignments                                         ; Off                 ; Off                 ;
; Synchronization Register Chain Length                                      ; 2                   ; 2                   ;
; PowerPlay Power Optimization                                               ; Normal compilation  ; Normal compilation  ;
; HDL message level                                                          ; Level2              ; Level2              ;
; Suppress Register Optimization Related Messages                            ; Off                 ; Off                 ;
; Number of Removed Registers Reported in Synthesis Report                   ; 5000                ; 5000                ;
; Number of Swept Nodes Reported in Synthesis Report                         ; 5000                ; 5000                ;
; Number of Inverted Registers Reported in Synthesis Report                  ; 100                 ; 100                 ;
; Clock MUX Protection                                                       ; On                  ; On                  ;
; Auto Gated Clock Conversion                                                ; Off                 ; Off                 ;
; Block Design Naming                                                        ; Auto                ; Auto                ;
; SDC constraint protection                                                  ; Off                 ; Off                 ;
; Synthesis Effort                                                           ; Auto                ; Auto                ;
; Shift Register Replacement - Allow Asynchronous Clear Signal               ; On                  ; On                  ;
; Pre-Mapping Resynthesis Optimization                                       ; Off                 ; Off                 ;
; Analysis & Synthesis Message Level                                         ; Medium              ; Medium              ;
; Disable Register Merging Across Hierarchies                                ; Auto                ; Auto                ;
; Resource Aware Inference For Block RAM                                     ; On                  ; On                  ;
; Synthesis Seed                                                             ; 1                   ; 1                   ;
+----------------------------------------------------------------------------+---------------------+---------------------+


Parallel compilation was disabled, but you have multiple processors available. Enable parallel compilation to reduce compilation time.
+-------------------------------------+
; Parallel Compilation                ;
+----------------------------+--------+
; Processors                 ; Number ;
+----------------------------+--------+
; Number detected on machine ; 4      ;
; Maximum allowed            ; 1      ;
+----------------------------+--------+


+----------------------------------------------------------------------------------------------------------------------------------------------------------------------------+
; Analysis & Synthesis Source Files Read                                                                                                                                     ;
+----------------------------------+-----------------+-----------------+-------------------------------------------------------------------------------------------+---------+
; File Name with User-Entered Path ; Used in Netlist ; File Type       ; File Name with Absolute Path                                                              ; Library ;
+----------------------------------+-----------------+-----------------+-------------------------------------------------------------------------------------------+---------+
; trabalho_dia_120918.vhd          ; yes             ; User VHDL File  ; /home/carryporch/Desktop/JORGEROCHA/JORGE/trabalho_dia_120918/trabalho_dia_120918.vhd     ;         ;
; gerador_clock_duplo.vhd          ; yes             ; User VHDL File  ; /home/carryporch/Desktop/JORGEROCHA/JORGE/trabalho_dia_120918/gerador_clock_duplo.vhd     ;         ;
; gerador_pwm.vhd                  ; yes             ; User VHDL File  ; /home/carryporch/Desktop/JORGEROCHA/JORGE/trabalho_dia_120918/gerador_pwm.vhd             ;         ;
; maq_primos.vhd                   ; yes             ; User VHDL File  ; /home/carryporch/Desktop/JORGEROCHA/JORGE/trabalho_dia_120918/maq_primos.vhd              ;         ;
; conv_7seg.vhd                    ; yes             ; User VHDL File  ; /home/carryporch/Desktop/JORGEROCHA/JORGE/trabalho_dia_120918/conv_7seg.vhd               ;         ;
; controlador_display_new.vhd      ; yes             ; User VHDL File  ; /home/carryporch/Desktop/JORGEROCHA/JORGE/trabalho_dia_120918/controlador_display_new.vhd ;         ;
+----------------------------------+-----------------+-----------------+-------------------------------------------------------------------------------------------+---------+


+-----------------------------------------------------------------------------+
; Analysis & Synthesis Resource Usage Summary                                 ;
+---------------------------------------------+-------------------------------+
; Resource                                    ; Usage                         ;
+---------------------------------------------+-------------------------------+
; Estimated Total logic elements              ; 193                           ;
;                                             ;                               ;
; Total combinational functions               ; 145                           ;
; Logic element usage by number of LUT inputs ;                               ;
;     -- 4 input functions                    ; 81                            ;
;     -- 3 input functions                    ; 5                             ;
;     -- <=2 input functions                  ; 59                            ;
;                                             ;                               ;
; Logic elements by mode                      ;                               ;
;     -- normal mode                          ; 145                           ;
;     -- arithmetic mode                      ; 0                             ;
;                                             ;                               ;
; Total registers                             ; 64                            ;
;     -- Dedicated logic registers            ; 64                            ;
;     -- I/O registers                        ; 0                             ;
;                                             ;                               ;
; I/O pins                                    ; 58                            ;
; Embedded Multiplier 9-bit elements          ; 0                             ;
; Maximum fan-out node                        ; gerador_pwm:xgerador_pwm|aux2 ;
; Maximum fan-out                             ; 49                            ;
; Total fan-out                               ; 640                           ;
; Average fan-out                             ; 2.40                          ;
+---------------------------------------------+-------------------------------+


+----------------------------------------------------------------------------------------------------------------------------------------------------------------------------------------------------------------------------------------------------------+
; Analysis & Synthesis Resource Utilization by Entity                                                                                                                                                                                                      ;
+-------------------------------------------------------+-------------------+--------------+-------------+--------------+---------+-----------+------+--------------+-----------------------------------------------------------------------+--------------+
; Compilation Hierarchy Node                            ; LC Combinationals ; LC Registers ; Memory Bits ; DSP Elements ; DSP 9x9 ; DSP 18x18 ; Pins ; Virtual Pins ; Full Hierarchy Name                                                   ; Library Name ;
+-------------------------------------------------------+-------------------+--------------+-------------+--------------+---------+-----------+------+--------------+-----------------------------------------------------------------------+--------------+
; |trabalho_dia_120918                                  ; 145 (0)           ; 64 (0)       ; 0           ; 0            ; 0       ; 0         ; 58   ; 0            ; |trabalho_dia_120918                                                  ;              ;
;    |controlador_display_new:xcontrolador_display_new| ; 8 (8)             ; 48 (48)      ; 0           ; 0            ; 0       ; 0         ; 0    ; 0            ; |trabalho_dia_120918|controlador_display_new:xcontrolador_display_new ;              ;
;    |conv_7seg:xconv0|                                 ; 14 (14)           ; 0 (0)        ; 0           ; 0            ; 0       ; 0         ; 0    ; 0            ; |trabalho_dia_120918|conv_7seg:xconv0                                 ;              ;
;    |conv_7seg:xconv1|                                 ; 14 (14)           ; 0 (0)        ; 0           ; 0            ; 0       ; 0         ; 0    ; 0            ; |trabalho_dia_120918|conv_7seg:xconv1                                 ;              ;
;    |conv_7seg:xconv2|                                 ; 14 (14)           ; 0 (0)        ; 0           ; 0            ; 0       ; 0         ; 0    ; 0            ; |trabalho_dia_120918|conv_7seg:xconv2                                 ;              ;
;    |conv_7seg:xconv3|                                 ; 14 (14)           ; 0 (0)        ; 0           ; 0            ; 0       ; 0         ; 0    ; 0            ; |trabalho_dia_120918|conv_7seg:xconv3                                 ;              ;
;    |conv_7seg:xconv4|                                 ; 14 (14)           ; 0 (0)        ; 0           ; 0            ; 0       ; 0         ; 0    ; 0            ; |trabalho_dia_120918|conv_7seg:xconv4                                 ;              ;
;    |conv_7seg:xconv5|                                 ; 14 (14)           ; 0 (0)        ; 0           ; 0            ; 0       ; 0         ; 0    ; 0            ; |trabalho_dia_120918|conv_7seg:xconv5                                 ;              ;
;    |conv_7seg:xconv6|                                 ; 14 (14)           ; 0 (0)        ; 0           ; 0            ; 0       ; 0         ; 0    ; 0            ; |trabalho_dia_120918|conv_7seg:xconv6                                 ;              ;
;    |conv_7seg:xconv7|                                 ; 14 (14)           ; 0 (0)        ; 0           ; 0            ; 0       ; 0         ; 0    ; 0            ; |trabalho_dia_120918|conv_7seg:xconv7                                 ;              ;
;    |gerador_clock_duplo:xgerador_clock_duplo|         ; 4 (4)             ; 4 (4)        ; 0           ; 0            ; 0       ; 0         ; 0    ; 0            ; |trabalho_dia_120918|gerador_clock_duplo:xgerador_clock_duplo         ;              ;
;    |gerador_pwm:xgerador_pwm|                         ; 9 (9)             ; 6 (6)        ; 0           ; 0            ; 0       ; 0         ; 0    ; 0            ; |trabalho_dia_120918|gerador_pwm:xgerador_pwm                         ;              ;
;    |maq_primos:xmaq_primos|                           ; 12 (12)           ; 6 (6)        ; 0           ; 0            ; 0       ; 0         ; 0    ; 0            ; |trabalho_dia_120918|maq_primos:xmaq_primos                           ;              ;
+-------------------------------------------------------+-------------------+--------------+-------------+--------------+---------+-----------+------+--------------+-----------------------------------------------------------------------+--------------+
Note: For table entries with two numbers listed, the numbers in parentheses indicate the number of resources of the given type used by the specific entity alone. The numbers listed outside of parentheses indicate the total resources of the given type used by the specific entity and all of its sub-entities in the hierarchy.


+----------------------------------------------------------------------------------------------------------------------------------------------------+
; Registers Removed During Synthesis                                                                                                                 ;
+-------------------------------------------------------------------------+--------------------------------------------------------------------------+
; Register name                                                           ; Reason for Removal                                                       ;
+-------------------------------------------------------------------------+--------------------------------------------------------------------------+
; controlador_display_new:xcontrolador_display_new|\controlador:vnum2[3]  ; Merged with controlador_display_new:xcontrolador_display_new|aux2[3]     ;
; controlador_display_new:xcontrolador_display_new|\controlador:vnum2[2]  ; Merged with controlador_display_new:xcontrolador_display_new|aux2[2]     ;
; controlador_display_new:xcontrolador_display_new|\controlador:vnum2[1]  ; Merged with controlador_display_new:xcontrolador_display_new|aux2[1]     ;
; controlador_display_new:xcontrolador_display_new|\controlador:vnum2[0]  ; Merged with controlador_display_new:xcontrolador_display_new|aux2[0]     ;
; controlador_display_new:xcontrolador_display_new|\controlador:vnum1[3]  ; Merged with controlador_display_new:xcontrolador_display_new|aux1[3]     ;
; controlador_display_new:xcontrolador_display_new|\controlador:vnum1[2]  ; Merged with controlador_display_new:xcontrolador_display_new|aux1[2]     ;
; controlador_display_new:xcontrolador_display_new|\controlador:vnum1[1]  ; Merged with controlador_display_new:xcontrolador_display_new|aux1[1]     ;
; controlador_display_new:xcontrolador_display_new|\controlador:vnum1[0]  ; Merged with controlador_display_new:xcontrolador_display_new|aux1[0]     ;
; controlador_display_new:xcontrolador_display_new|\controlador:vtipo7[1] ; Merged with controlador_display_new:xcontrolador_display_new|tipo7[1]    ;
; controlador_display_new:xcontrolador_display_new|\controlador:vtipo7[0] ; Merged with controlador_display_new:xcontrolador_display_new|tipo7[0]    ;
; controlador_display_new:xcontrolador_display_new|\controlador:vtipo6[1] ; Merged with controlador_display_new:xcontrolador_display_new|tipo6[1]    ;
; controlador_display_new:xcontrolador_display_new|\controlador:vtipo6[0] ; Merged with controlador_display_new:xcontrolador_display_new|tipo6[0]    ;
; controlador_display_new:xcontrolador_display_new|\controlador:vtipo5[1] ; Merged with controlador_display_new:xcontrolador_display_new|tipo5[1]    ;
; controlador_display_new:xcontrolador_display_new|\controlador:vtipo5[0] ; Merged with controlador_display_new:xcontrolador_display_new|tipo5[0]    ;
; controlador_display_new:xcontrolador_display_new|\controlador:vtipo4[1] ; Merged with controlador_display_new:xcontrolador_display_new|tipo4[1]    ;
; controlador_display_new:xcontrolador_display_new|\controlador:vtipo4[0] ; Merged with controlador_display_new:xcontrolador_display_new|tipo4[0]    ;
; controlador_display_new:xcontrolador_display_new|\controlador:vtipo3[1] ; Merged with controlador_display_new:xcontrolador_display_new|tipo3[1]    ;
; controlador_display_new:xcontrolador_display_new|\controlador:vtipo3[0] ; Merged with controlador_display_new:xcontrolador_display_new|tipo3[0]    ;
; controlador_display_new:xcontrolador_display_new|\controlador:vtipo2[1] ; Merged with controlador_display_new:xcontrolador_display_new|tipo2[1]    ;
; controlador_display_new:xcontrolador_display_new|\controlador:vtipo2[0] ; Merged with controlador_display_new:xcontrolador_display_new|tipo2[0]    ;
; controlador_display_new:xcontrolador_display_new|\controlador:vtipo1[1] ; Merged with controlador_display_new:xcontrolador_display_new|tipo1[1]    ;
; controlador_display_new:xcontrolador_display_new|\controlador:vtipo1[0] ; Merged with controlador_display_new:xcontrolador_display_new|tipo1[0]    ;
; controlador_display_new:xcontrolador_display_new|\controlador:vnum3[0]  ; Merged with controlador_display_new:xcontrolador_display_new|aux3[0]     ;
; controlador_display_new:xcontrolador_display_new|\controlador:vnum3[1]  ; Merged with controlador_display_new:xcontrolador_display_new|aux3[1]     ;
; controlador_display_new:xcontrolador_display_new|\controlador:vnum3[2]  ; Merged with controlador_display_new:xcontrolador_display_new|aux3[2]     ;
; controlador_display_new:xcontrolador_display_new|\controlador:vnum3[3]  ; Merged with controlador_display_new:xcontrolador_display_new|aux3[3]     ;
; controlador_display_new:xcontrolador_display_new|\controlador:vnum4[0]  ; Merged with controlador_display_new:xcontrolador_display_new|aux4[0]     ;
; controlador_display_new:xcontrolador_display_new|\controlador:vnum4[1]  ; Merged with controlador_display_new:xcontrolador_display_new|aux4[1]     ;
; controlador_display_new:xcontrolador_display_new|\controlador:vnum4[2]  ; Merged with controlador_display_new:xcontrolador_display_new|aux4[2]     ;
; controlador_display_new:xcontrolador_display_new|\controlador:vnum4[3]  ; Merged with controlador_display_new:xcontrolador_display_new|aux4[3]     ;
; controlador_display_new:xcontrolador_display_new|\controlador:vnum5[0]  ; Merged with controlador_display_new:xcontrolador_display_new|aux5[0]     ;
; controlador_display_new:xcontrolador_display_new|\controlador:vnum5[1]  ; Merged with controlador_display_new:xcontrolador_display_new|aux5[1]     ;
; controlador_display_new:xcontrolador_display_new|\controlador:vnum5[2]  ; Merged with controlador_display_new:xcontrolador_display_new|aux5[2]     ;
; controlador_display_new:xcontrolador_display_new|\controlador:vnum5[3]  ; Merged with controlador_display_new:xcontrolador_display_new|aux5[3]     ;
; controlador_display_new:xcontrolador_display_new|\controlador:vnum6[0]  ; Merged with controlador_display_new:xcontrolador_display_new|aux6[0]     ;
; controlador_display_new:xcontrolador_display_new|\controlador:vnum6[1]  ; Merged with controlador_display_new:xcontrolador_display_new|aux6[1]     ;
; controlador_display_new:xcontrolador_display_new|\controlador:vnum6[2]  ; Merged with controlador_display_new:xcontrolador_display_new|aux6[2]     ;
; controlador_display_new:xcontrolador_display_new|\controlador:vnum6[3]  ; Merged with controlador_display_new:xcontrolador_display_new|aux6[3]     ;
; controlador_display_new:xcontrolador_display_new|\controlador:vnum7[0]  ; Merged with controlador_display_new:xcontrolador_display_new|aux7[0]     ;
; controlador_display_new:xcontrolador_display_new|\controlador:vnum7[1]  ; Merged with controlador_display_new:xcontrolador_display_new|aux7[1]     ;
; controlador_display_new:xcontrolador_display_new|\controlador:vnum7[2]  ; Merged with controlador_display_new:xcontrolador_display_new|aux7[2]     ;
; controlador_display_new:xcontrolador_display_new|\controlador:vnum7[3]  ; Merged with controlador_display_new:xcontrolador_display_new|aux7[3]     ;
; gerador_clock_duplo:xgerador_clock_duplo|\clock:contador1[1..3]         ; Stuck at GND due to stuck port data_in                                   ;
; gerador_clock_duplo:xgerador_clock_duplo|\clock:contador2[2,3]          ; Stuck at GND due to stuck port data_in                                   ;
; gerador_clock_duplo:xgerador_clock_duplo|\clock:contador2[0]            ; Merged with gerador_clock_duplo:xgerador_clock_duplo|\clock:contador1[0] ;
; Total Number of Removed Registers = 48                                  ;                                                                          ;
+-------------------------------------------------------------------------+--------------------------------------------------------------------------+


+---------------------------------------------------------------------------------------------------------------------------------------------------------+
; Removed Registers Triggering Further Register Optimizations                                                                                             ;
+--------------------------------------------------------------+---------------------------+--------------------------------------------------------------+
; Register name                                                ; Reason for Removal        ; Registers Removed due to This Register                       ;
+--------------------------------------------------------------+---------------------------+--------------------------------------------------------------+
; gerador_clock_duplo:xgerador_clock_duplo|\clock:contador2[3] ; Stuck at GND              ; gerador_clock_duplo:xgerador_clock_duplo|\clock:contador2[2] ;
;                                                              ; due to stuck port data_in ;                                                              ;
+--------------------------------------------------------------+---------------------------+--------------------------------------------------------------+


+------------------------------------------------------+
; General Register Statistics                          ;
+----------------------------------------------+-------+
; Statistic                                    ; Value ;
+----------------------------------------------+-------+
; Total registers                              ; 64    ;
; Number of registers using Synchronous Clear  ; 0     ;
; Number of registers using Synchronous Load   ; 0     ;
; Number of registers using Asynchronous Clear ; 0     ;
; Number of registers using Asynchronous Load  ; 0     ;
; Number of registers using Clock Enable       ; 0     ;
; Number of registers using Preset             ; 0     ;
+----------------------------------------------+-------+


+--------------------------------------------------+
; Inverted Register Statistics                     ;
+----------------------------------------+---------+
; Inverted Register                      ; Fan out ;
+----------------------------------------+---------+
; gerador_pwm:xgerador_pwm|aux2          ; 49      ;
; gerador_pwm:xgerador_pwm|aux1          ; 7       ;
; Total number of inverted registers = 2 ;         ;
+----------------------------------------+---------+


+----------------------------------------------------------------------------------------------------------------+
; Port Connectivity Checks: "gerador_pwm:xgerador_pwm"                                                           ;
+------+--------+----------+-------------------------------------------------------------------------------------+
; Port ; Type   ; Severity ; Details                                                                             ;
+------+--------+----------+-------------------------------------------------------------------------------------+
; pwm3 ; Output ; Info     ; Connected to dangling logic. Logic that only feeds a dangling port will be removed. ;
+------+--------+----------+-------------------------------------------------------------------------------------+


+-------------------------------+
; Elapsed Time Per Partition    ;
+----------------+--------------+
; Partition Name ; Elapsed Time ;
+----------------+--------------+
; Top            ; 00:00:00     ;
+----------------+--------------+


+-------------------------------+
; Analysis & Synthesis Messages ;
+-------------------------------+
Info: *******************************************************************
Info: Running Quartus II 64-Bit Analysis & Synthesis
    Info: Version 13.0.0 Build 156 04/24/2013 SJ Web Edition
    Info: Processing started: Tue Sep 18 02:07:12 2018
Info: Command: quartus_map --read_settings_files=on --write_settings_files=off trabalho_dia_120918 -c trabalho_dia_120918
Warning (20028): Parallel compilation is not licensed and has been disabled
Info (12021): Found 2 design units, including 1 entities, in source file trabalho_dia_120918.vhd
    Info (12022): Found design unit 1: trabalho_dia_120918-c_trabalho_dia_120918
    Info (12023): Found entity 1: trabalho_dia_120918
Info (12021): Found 2 design units, including 1 entities, in source file gerador_clock_duplo.vhd
    Info (12022): Found design unit 1: gerador_clock_duplo-c_gerador_clock
    Info (12023): Found entity 1: gerador_clock_duplo
Info (12021): Found 2 design units, including 1 entities, in source file gerador_pwm.vhd
    Info (12022): Found design unit 1: gerador_pwm-c_gerador_pwm
    Info (12023): Found entity 1: gerador_pwm
Info (12021): Found 2 design units, including 1 entities, in source file maq_primos.vhd
    Info (12022): Found design unit 1: maq_primos-c_maq_primos
    Info (12023): Found entity 1: maq_primos
Info (12021): Found 2 design units, including 1 entities, in source file conv_7seg.vhd
    Info (12022): Found design unit 1: conv_7seg-c_conv_7seg
    Info (12023): Found entity 1: conv_7seg
Info (12021): Found 0 design units, including 0 entities, in source file diretrizes.vhd
Info (12021): Found 2 design units, including 1 entities, in source file controlador_display_new.vhd
    Info (12022): Found design unit 1: controlador_display_new-c_controlador_display_new
    Info (12023): Found entity 1: controlador_display_new
Info (12127): Elaborating entity "trabalho_dia_120918" for the top level hierarchy
Warning (10036): Verilog HDL or VHDL warning at trabalho_dia_120918.vhd(80): object "pwm3" assigned a value but never read
Info (12128): Elaborating entity "gerador_clock_duplo" for hierarchy "gerador_clock_duplo:xgerador_clock_duplo"
Info (12128): Elaborating entity "gerador_pwm" for hierarchy "gerador_pwm:xgerador_pwm"
Info (12128): Elaborating entity "maq_primos" for hierarchy "maq_primos:xmaq_primos"
Info (12128): Elaborating entity "controlador_display_new" for hierarchy "controlador_display_new:xcontrolador_display_new"
Info (12128): Elaborating entity "conv_7seg" for hierarchy "conv_7seg:xconv7"
Info (16010): Generating hard_block partition "hard_block:auto_generated_inst"
    Info (16011): Adding 0 node(s), including 0 DDIO, 0 PLL, 0 transceiver and 0 LCELL
Info (21057): Implemented 251 device resources after synthesis - the final resource count might be different
    Info (21058): Implemented 2 input pins
    Info (21059): Implemented 56 output pins
    Info (21061): Implemented 193 logic cells
Info: Quartus II 64-Bit Analysis & Synthesis was successful. 0 errors, 2 warnings
    Info: Peak virtual memory: 653 megabytes
    Info: Processing ended: Tue Sep 18 02:07:15 2018
    Info: Elapsed time: 00:00:03
    Info: Total CPU time (on all processors): 00:00:03


